app/build/intermediates/manifest_merge_blame_file/debug/manifest-merger-blame-debug-report.txt
1<?xml version="1.0" encoding="utf-8"?>
2<manifest xmlns:android="http://schemas.android.com/apk/res/android"
3    package="com.example.safedrive"
4    android:versionCode="1"
5    android:versionName="1.0" >
6
7    <uses-sdk
7-->src\main\AndroidManifest.xml:5:5-17
8        android:minSdkVersion="23"
8-->src\main\AndroidManifest.xml:5:5-17
9        android:targetSdkVersion="30" />
9-->src\main\AndroidManifest.xml:5:5-17
10
11    <uses-permission android:name="android.permission.WAKE_LOCK" />
11-->src\main\AndroidManifest.xml:7:5-68
11-->src\main\AndroidManifest.xml:7:22-65
12    <uses-permission android:name="android.permission.CAMERA" />
12-->src\main\AndroidManifest.xml:8:5-65
12-->src\main\AndroidManifest.xml:8:22-62
13
14    <uses-feature android:name="android.hardware.camera" />
14-->src\main\AndroidManifest.xml:10:5-60
14-->src\main\AndroidManifest.xml:10:19-57
15    <uses-feature android:name="android.hardware.camera.autofocus" />
15-->src\main\AndroidManifest.xml:11:5-70
15-->src\main\AndroidManifest.xml:11:19-67
16    <uses-feature android:name="android.hardware.camera.any" />
16-->src\main\AndroidManifest.xml:12:5-64
16-->src\main\AndroidManifest.xml:12:19-61
17
18    <uses-permission android:name="android.permission.WRITE_EXTERNAL_STORAGE" />
18-->src\main\AndroidManifest.xml:14:5-81
18-->src\main\AndroidManifest.xml:14:22-78
19    <uses-permission android:name="android.permission.READ_EXTERNAL_STORAGE" />
19-->src\main\AndroidManifest.xml:15:5-80
19-->src\main\AndroidManifest.xml:15:22-77
20    <uses-permission android:name="android.permission.CAMERA" />
20-->src\main\AndroidManifest.xml:8:5-65
20-->src\main\AndroidManifest.xml:8:22-62
21
22    <!-- Include required permissions for Google Mobile Ads to run -->
23    <uses-permission android:name="android.permission.INTERNET" />
23-->[com.google.android.gms:play-services-ads-lite:9.4.0] AndroidManifest.xml:20:5-66
23-->[com.google.android.gms:play-services-ads-lite:9.4.0] AndroidManifest.xml:20:22-64
24    <uses-permission android:name="android.permission.ACCESS_NETWORK_STATE" /> <!-- Permissions required for GCM -->
24-->[com.google.android.gms:play-services-ads-lite:9.4.0] AndroidManifest.xml:21:5-78
24-->[com.google.android.gms:play-services-ads-lite:9.4.0] AndroidManifest.xml:21:22-76
25    <uses-permission android:name="com.google.android.c2dm.permission.RECEIVE" />
25-->[com.google.android.gms:play-services-gcm:9.4.0] AndroidManifest.xml:21:5-82
25-->[com.google.android.gms:play-services-gcm:9.4.0] AndroidManifest.xml:21:22-79
26
27    <uses-feature
27-->[com.google.android.gms:play-services-maps:9.4.0] AndroidManifest.xml:22:5-24:33
28        android:glEsVersion="0x00020000"
28-->[com.google.android.gms:play-services-maps:9.4.0] AndroidManifest.xml:23:8-40
29        android:required="true" />
29-->[com.google.android.gms:play-services-maps:9.4.0] AndroidManifest.xml:24:8-31
30
31    <permission
31-->[com.google.firebase:firebase-iid:9.4.0] AndroidManifest.xml:25:5-26:47
32        android:name="com.example.safedrive.permission.C2D_MESSAGE"
32-->[com.google.firebase:firebase-iid:9.4.0] AndroidManifest.xml:25:17-71
33        android:protectionLevel="signature" />
33-->[com.google.firebase:firebase-iid:9.4.0] AndroidManifest.xml:26:9-44
34
35    <uses-permission android:name="com.example.safedrive.permission.C2D_MESSAGE" />
35-->[com.google.firebase:firebase-iid:9.4.0] AndroidManifest.xml:28:5-79
35-->[com.google.firebase:firebase-iid:9.4.0] AndroidManifest.xml:28:22-76
36
37    <queries>
37-->[androidx.camera:camera-extensions:1.0.0-alpha20] AndroidManifest.xml:24:5-28:15
38        <intent>
38-->[androidx.camera:camera-extensions:1.0.0-alpha20] AndroidManifest.xml:25:9-27:18
39            <action android:name="androidx.camera.extensions.action.VENDOR_ACTION" />
39-->[androidx.camera:camera-extensions:1.0.0-alpha20] AndroidManifest.xml:26:13-86
39-->[androidx.camera:camera-extensions:1.0.0-alpha20] AndroidManifest.xml:26:21-83
40        </intent>
41    </queries>
42
43    <application
43-->src\main\AndroidManifest.xml:18:5-44:19
44        android:allowBackup="true"
44-->src\main\AndroidManifest.xml:19:9-35
45        android:appComponentFactory="androidx.core.app.CoreComponentFactory"
45-->[androidx.core:core:1.2.0] AndroidManifest.xml:24:18-86
46        android:debuggable="true"
47        android:extractNativeLibs="false"
48        android:icon="@mipmap/ic_launcher"
48-->src\main\AndroidManifest.xml:20:9-43
49        android:label="@string/app_name"
49-->src\main\AndroidManifest.xml:21:9-41
50        android:roundIcon="@mipmap/ic_launcher_round"
50-->src\main\AndroidManifest.xml:22:9-54
51        android:supportsRtl="true"
51-->src\main\AndroidManifest.xml:23:9-35
52        android:testOnly="true"
53        android:theme="@style/AppTheme.Posenet" >
53-->src\main\AndroidManifest.xml:24:9-48
54        <activity android:name="com.example.safedrive.activities.cnn_tflite.CnnTflite" />
54-->src\main\AndroidManifest.xml:25:9-78
54-->src\main\AndroidManifest.xml:25:19-66
55        <activity android:name="com.example.safedrive.activities.Prediction" />
55-->src\main\AndroidManifest.xml:26:9-59
55-->src\main\AndroidManifest.xml:26:19-56
56        <activity android:name="com.example.safedrive.activities.ViewData" />
56-->src\main\AndroidManifest.xml:27:9-57
56-->src\main\AndroidManifest.xml:27:19-54
57        <activity android:name="com.example.safedrive.activities.camera" />
57-->src\main\AndroidManifest.xml:28:9-55
57-->src\main\AndroidManifest.xml:28:19-52
58        <activity android:name="com.example.safedrive.activities.driveralert.MainActivity" />
58-->src\main\AndroidManifest.xml:29:9-73
58-->src\main\AndroidManifest.xml:29:19-70
59        <activity android:name="com.example.safedrive.activities.driveralert.FaceTrackerActivity" />
59-->src\main\AndroidManifest.xml:30:9-80
59-->src\main\AndroidManifest.xml:30:19-77
60        <activity android:name="com.example.safedrive.nav_components.collect_data.SelectLabel" /> <!-- <activity -->
60-->src\main\AndroidManifest.xml:31:9-77
60-->src\main\AndroidManifest.xml:31:19-74
61        <!-- android:name=".activities.driveralert.monitor_menu" -->
62        <!-- android:screenOrientation="portrait" /> -->
63        <activity android:name="com.example.safedrive.activities.driveralert.end" />
63-->src\main\AndroidManifest.xml:34:9-64
63-->src\main\AndroidManifest.xml:34:19-61
64        <activity
64-->src\main\AndroidManifest.xml:35:9-43:20
65            android:name="com.example.safedrive.MainActivity"
65-->src\main\AndroidManifest.xml:36:13-41
66            android:exported="true" >
66-->src\main\AndroidManifest.xml:37:13-36
67            <intent-filter>
67-->src\main\AndroidManifest.xml:38:13-42:29
68                <action android:name="android.intent.action.MAIN" />
68-->src\main\AndroidManifest.xml:39:17-69
68-->src\main\AndroidManifest.xml:39:25-66
69
70                <category android:name="android.intent.category.LAUNCHER" />
70-->src\main\AndroidManifest.xml:41:17-77
70-->src\main\AndroidManifest.xml:41:27-74
71            </intent-filter>
72        </activity>
73
74        <receiver android:name="com.google.android.gms.cast.framework.media.MediaIntentReceiver" />
74-->[com.google.android.gms:play-services-cast-framework:9.4.0] AndroidManifest.xml:6:9-100
74-->[com.google.android.gms:play-services-cast-framework:9.4.0] AndroidManifest.xml:6:19-97
75
76        <service android:name="com.google.android.gms.cast.framework.media.MediaNotificationService" />
76-->[com.google.android.gms:play-services-cast-framework:9.4.0] AndroidManifest.xml:7:9-104
76-->[com.google.android.gms:play-services-cast-framework:9.4.0] AndroidManifest.xml:7:18-101
77        <service android:name="com.google.android.gms.cast.framework.ReconnectionService" /> <!-- Include the AdActivity and InAppPurchaseActivity configChanges and themes. -->
77-->[com.google.android.gms:play-services-cast-framework:9.4.0] AndroidManifest.xml:8:9-92
77-->[com.google.android.gms:play-services-cast-framework:9.4.0] AndroidManifest.xml:8:18-90
78        <activity
78-->[com.google.android.gms:play-services-ads-lite:9.4.0] AndroidManifest.xml:26:9-29:64
79            android:name="com.google.android.gms.ads.AdActivity"
79-->[com.google.android.gms:play-services-ads-lite:9.4.0] AndroidManifest.xml:27:13-65
80            android:configChanges="keyboard|keyboardHidden|orientation|screenLayout|uiMode|screenSize|smallestScreenSize"
80-->[com.google.android.gms:play-services-ads-lite:9.4.0] AndroidManifest.xml:28:13-122
81            android:theme="@android:style/Theme.Translucent" />
81-->[com.google.android.gms:play-services-ads-lite:9.4.0] AndroidManifest.xml:29:13-61
82        <activity
82-->[com.google.android.gms:play-services-ads-lite:9.4.0] AndroidManifest.xml:30:9-31:52
83            android:name="com.google.android.gms.ads.purchase.InAppPurchaseActivity"
83-->[com.google.android.gms:play-services-ads-lite:9.4.0] AndroidManifest.xml:30:19-91
84            android:theme="@style/Theme.IAPTheme" />
84-->[com.google.android.gms:play-services-ads-lite:9.4.0] AndroidManifest.xml:31:13-50
85        <activity
85-->[com.google.android.gms:play-services-appinvite:9.4.0] AndroidManifest.xml:21:9-29:20
86            android:name="com.google.android.gms.appinvite.PreviewActivity"
86-->[com.google.android.gms:play-services-appinvite:9.4.0] AndroidManifest.xml:22:17-48
87            android:exported="true"
87-->[com.google.android.gms:play-services-appinvite:9.4.0] AndroidManifest.xml:23:17-40
88            android:theme="@style/Theme.AppInvite.Preview" >
88-->[com.google.android.gms:play-services-appinvite:9.4.0] AndroidManifest.xml:24:17-63
89            <intent-filter>
89-->[com.google.android.gms:play-services-appinvite:9.4.0] AndroidManifest.xml:25:13-28:29
90                <action android:name="com.google.android.gms.appinvite.ACTION_PREVIEW" />
90-->[com.google.android.gms:play-services-appinvite:9.4.0] AndroidManifest.xml:26:17-89
90-->[com.google.android.gms:play-services-appinvite:9.4.0] AndroidManifest.xml:26:25-87
91
92                <category android:name="android.intent.category.DEFAULT" />
92-->[com.google.android.gms:play-services-appinvite:9.4.0] AndroidManifest.xml:27:17-75
92-->[com.google.android.gms:play-services-appinvite:9.4.0] AndroidManifest.xml:27:27-73
93            </intent-filter>
94        </activity>
95        <activity
95-->[com.google.android.gms:play-services-auth:9.4.0] AndroidManifest.xml:21:9-24:46
96            android:name="com.google.android.gms.auth.api.signin.internal.SignInHubActivity"
96-->[com.google.android.gms:play-services-auth:9.4.0] AndroidManifest.xml:21:19-68
97            android:excludeFromRecents="true"
97-->[com.google.android.gms:play-services-auth:9.4.0] AndroidManifest.xml:23:19-52
98            android:exported="false"
98-->[com.google.android.gms:play-services-auth:9.4.0] AndroidManifest.xml:24:19-43
99            android:theme="@android:style/Theme.Translucent.NoTitleBar" />
99-->[com.google.android.gms:play-services-auth:9.4.0] AndroidManifest.xml:22:19-78
100        <!--
101Service handling Google Sign-In user revocation. For apps that do not integrate with
102            Google Sign-In, this service will never be started.
103        -->
104        <service
104-->[com.google.android.gms:play-services-auth:9.4.0] AndroidManifest.xml:28:9-31:110
105            android:name="com.google.android.gms.auth.api.signin.RevocationBoundService"
105-->[com.google.android.gms:play-services-auth:9.4.0] AndroidManifest.xml:29:13-58
106            android:exported="true"
106-->[com.google.android.gms:play-services-auth:9.4.0] AndroidManifest.xml:30:13-36
107            android:permission="com.google.android.gms.auth.api.signin.permission.REVOCATION_NOTIFICATION" />
107-->[com.google.android.gms:play-services-auth:9.4.0] AndroidManifest.xml:31:13-107
108        <service
108-->[com.google.firebase:firebase-crash:9.4.0] AndroidManifest.xml:26:9-27:50
109            android:name="com.google.firebase.crash.internal.service.FirebaseCrashReceiverService"
109-->[com.google.firebase:firebase-crash:9.4.0] AndroidManifest.xml:26:18-79
110            android:process=":background_crash" />
110-->[com.google.firebase:firebase-crash:9.4.0] AndroidManifest.xml:27:13-48
111        <service
111-->[com.google.firebase:firebase-crash:9.4.0] AndroidManifest.xml:29:9-30:50
112            android:name="com.google.firebase.crash.internal.service.FirebaseCrashSenderService"
112-->[com.google.firebase:firebase-crash:9.4.0] AndroidManifest.xml:29:18-77
113            android:process=":background_crash" />
113-->[com.google.firebase:firebase-crash:9.4.0] AndroidManifest.xml:30:13-48
114
115        <activity
115-->[com.google.android.gms:play-services-base:9.4.0] AndroidManifest.xml:20:9-22:45
116            android:name="com.google.android.gms.common.api.GoogleApiActivity"
116-->[com.google.android.gms:play-services-base:9.4.0] AndroidManifest.xml:20:19-85
117            android:exported="false"
117-->[com.google.android.gms:play-services-base:9.4.0] AndroidManifest.xml:22:19-43
118            android:theme="@android:style/Theme.Translucent.NoTitleBar" />
118-->[com.google.android.gms:play-services-base:9.4.0] AndroidManifest.xml:21:19-78
119        <!--
120 FirebaseMessagingService performs security checks at runtime,
121             no need for explicit permissions despite exported="true"
122        -->
123        <service
123-->[com.google.firebase:firebase-messaging:9.4.0] AndroidManifest.xml:24:9-30:19
124            android:name="com.google.firebase.messaging.FirebaseMessagingService"
124-->[com.google.firebase:firebase-messaging:9.4.0] AndroidManifest.xml:25:13-82
125            android:exported="true" >
125-->[com.google.firebase:firebase-messaging:9.4.0] AndroidManifest.xml:26:13-36
126            <intent-filter android:priority="-500" >
126-->[com.google.firebase:firebase-messaging:9.4.0] AndroidManifest.xml:27:13-29:29
126-->[com.google.firebase:firebase-messaging:9.4.0] AndroidManifest.xml:27:28-51
127                <action android:name="com.google.firebase.MESSAGING_EVENT" />
127-->[com.google.firebase:firebase-messaging:9.4.0] AndroidManifest.xml:28:17-78
127-->[com.google.firebase:firebase-messaging:9.4.0] AndroidManifest.xml:28:25-75
128            </intent-filter>
129        </service>
130        <service
130-->[com.google.android.gms:play-services-tagmanager-api:9.4.0] AndroidManifest.xml:25:9-27:42
131            android:name="com.google.android.gms.tagmanager.TagManagerService"
131-->[com.google.android.gms:play-services-tagmanager-api:9.4.0] AndroidManifest.xml:25:18-84
132            android:enabled="true"
132-->[com.google.android.gms:play-services-tagmanager-api:9.4.0] AndroidManifest.xml:27:17-39
133            android:exported="false" />
133-->[com.google.android.gms:play-services-tagmanager-api:9.4.0] AndroidManifest.xml:26:17-41
134
135        <activity
135-->[com.google.android.gms:play-services-tagmanager-api:9.4.0] AndroidManifest.xml:28:9-37:20
136            android:name="com.google.android.gms.tagmanager.TagManagerPreviewActivity"
136-->[com.google.android.gms:play-services-tagmanager-api:9.4.0] AndroidManifest.xml:29:13-87
137            android:noHistory="true" > <!-- optional, removes the previewActivity from the activity stack. -->
137-->[com.google.android.gms:play-services-tagmanager-api:9.4.0] AndroidManifest.xml:30:13-37
138            <intent-filter>
138-->[com.google.android.gms:play-services-tagmanager-api:9.4.0] AndroidManifest.xml:31:13-36:29
139                <data android:scheme="tagmanager.c.com.example.safedrive" />
139-->[com.google.android.gms:play-services-tagmanager-api:9.4.0] AndroidManifest.xml:32:17-72
139-->[com.google.android.gms:play-services-tagmanager-api:9.4.0] AndroidManifest.xml:32:23-69
140
141                <action android:name="android.intent.action.VIEW" />
141-->[com.google.android.gms:play-services-tagmanager-api:9.4.0] AndroidManifest.xml:33:17-69
141-->[com.google.android.gms:play-services-tagmanager-api:9.4.0] AndroidManifest.xml:33:25-66
142
143                <category android:name="android.intent.category.DEFAULT" />
143-->[com.google.android.gms:play-services-appinvite:9.4.0] AndroidManifest.xml:27:17-75
143-->[com.google.android.gms:play-services-appinvite:9.4.0] AndroidManifest.xml:27:27-73
144                <category android:name="android.intent.category.BROWSABLE" />
144-->[com.google.android.gms:play-services-tagmanager-api:9.4.0] AndroidManifest.xml:35:17-77
144-->[com.google.android.gms:play-services-tagmanager-api:9.4.0] AndroidManifest.xml:35:27-75
145            </intent-filter>
146        </activity>
147
148        <receiver
148-->[com.google.firebase:firebase-analytics:9.4.0] AndroidManifest.xml:28:7-34:18
149            android:name="com.google.android.gms.measurement.AppMeasurementReceiver"
149-->[com.google.firebase:firebase-analytics:9.4.0] AndroidManifest.xml:29:11-83
150            android:enabled="true" >
150-->[com.google.firebase:firebase-analytics:9.4.0] AndroidManifest.xml:30:11-33
151            <intent-filter>
151-->[com.google.firebase:firebase-analytics:9.4.0] AndroidManifest.xml:31:9-33:25
152                <action android:name="com.google.android.gms.measurement.UPLOAD" />
152-->[com.google.firebase:firebase-analytics:9.4.0] AndroidManifest.xml:32:11-77
152-->[com.google.firebase:firebase-analytics:9.4.0] AndroidManifest.xml:32:19-75
153            </intent-filter>
154        </receiver>
155
156        <service
156-->[com.google.firebase:firebase-analytics:9.4.0] AndroidManifest.xml:36:7-39:37
157            android:name="com.google.android.gms.measurement.AppMeasurementService"
157-->[com.google.firebase:firebase-analytics:9.4.0] AndroidManifest.xml:37:11-82
158            android:enabled="true"
158-->[com.google.firebase:firebase-analytics:9.4.0] AndroidManifest.xml:38:11-33
159            android:exported="false" />
159-->[com.google.firebase:firebase-analytics:9.4.0] AndroidManifest.xml:39:11-35
160
161        <receiver
161-->[com.google.firebase:firebase-iid:9.4.0] AndroidManifest.xml:32:9-41:20
162            android:name="com.google.firebase.iid.FirebaseInstanceIdReceiver"
162-->[com.google.firebase:firebase-iid:9.4.0] AndroidManifest.xml:33:13-78
163            android:exported="true"
163-->[com.google.firebase:firebase-iid:9.4.0] AndroidManifest.xml:34:13-36
164            android:permission="com.google.android.c2dm.permission.SEND" >
164-->[com.google.firebase:firebase-iid:9.4.0] AndroidManifest.xml:35:13-73
165            <intent-filter>
165-->[com.google.firebase:firebase-iid:9.4.0] AndroidManifest.xml:36:13-40:29
166                <action android:name="com.google.android.c2dm.intent.RECEIVE" />
166-->[com.google.firebase:firebase-iid:9.4.0] AndroidManifest.xml:37:17-81
166-->[com.google.firebase:firebase-iid:9.4.0] AndroidManifest.xml:37:25-78
167                <action android:name="com.google.android.c2dm.intent.REGISTRATION" />
167-->[com.google.firebase:firebase-iid:9.4.0] AndroidManifest.xml:38:17-86
167-->[com.google.firebase:firebase-iid:9.4.0] AndroidManifest.xml:38:25-83
168
169                <category android:name="com.example.safedrive" />
169-->[com.google.firebase:firebase-iid:9.4.0] AndroidManifest.xml:39:17-61
169-->[com.google.firebase:firebase-iid:9.4.0] AndroidManifest.xml:39:27-58
170            </intent-filter>
171        </receiver>
172        <!--
173 Internal (not exported) receiver used by the app to start its own exported services
174             without risk of being spoofed.
175        -->
176        <receiver
176-->[com.google.firebase:firebase-iid:9.4.0] AndroidManifest.xml:45:9-47:40
177            android:name="com.google.firebase.iid.FirebaseInstanceIdInternalReceiver"
177-->[com.google.firebase:firebase-iid:9.4.0] AndroidManifest.xml:46:13-86
178            android:exported="false" />
178-->[com.google.firebase:firebase-iid:9.4.0] AndroidManifest.xml:47:13-37
179        <!--
180 FirebaseInstanceIdService performs security checks at runtime,
181             no need for explicit permissions despite exported="true"
182        -->
183        <service
183-->[com.google.firebase:firebase-iid:9.4.0] AndroidManifest.xml:51:9-57:19
184            android:name="com.google.firebase.iid.FirebaseInstanceIdService"
184-->[com.google.firebase:firebase-iid:9.4.0] AndroidManifest.xml:52:13-77
185            android:exported="true" >
185-->[com.google.firebase:firebase-iid:9.4.0] AndroidManifest.xml:53:13-36
186            <intent-filter android:priority="-500" >
186-->[com.google.firebase:firebase-iid:9.4.0] AndroidManifest.xml:54:13-56:29
186-->[com.google.firebase:firebase-iid:9.4.0] AndroidManifest.xml:54:28-51
187                <action android:name="com.google.firebase.INSTANCE_ID_EVENT" />
187-->[com.google.firebase:firebase-iid:9.4.0] AndroidManifest.xml:55:17-80
187-->[com.google.firebase:firebase-iid:9.4.0] AndroidManifest.xml:55:25-77
188            </intent-filter>
189        </service>
190
191        <provider
191-->[com.google.firebase:firebase-common:9.4.0] AndroidManifest.xml:7:9-11:39
192            android:name="com.google.firebase.provider.FirebaseInitProvider"
192-->[com.google.firebase:firebase-common:9.4.0] AndroidManifest.xml:9:13-58
193            android:authorities="com.example.safedrive.firebaseinitprovider"
193-->[com.google.firebase:firebase-common:9.4.0] AndroidManifest.xml:8:13-72
194            android:exported="false"
194-->[com.google.firebase:firebase-common:9.4.0] AndroidManifest.xml:10:13-37
195            android:initOrder="100" />
195-->[com.google.firebase:firebase-common:9.4.0] AndroidManifest.xml:11:13-36
196
197        <meta-data
197-->[com.google.android.gms:play-services-basement:9.4.0] AndroidManifest.xml:21:9-23:69
198            android:name="com.google.android.gms.version"
198-->[com.google.android.gms:play-services-basement:9.4.0] AndroidManifest.xml:22:13-58
199            android:value="@integer/google_play_services_version" />
199-->[com.google.android.gms:play-services-basement:9.4.0] AndroidManifest.xml:23:13-66
200
201        <uses-library
201-->[androidx.camera:camera-extensions:1.0.0-alpha20] AndroidManifest.xml:31:9-33:40
202            android:name="androidx.camera.extensions.impl"
202-->[androidx.camera:camera-extensions:1.0.0-alpha20] AndroidManifest.xml:32:13-59
203            android:required="false" />
203-->[androidx.camera:camera-extensions:1.0.0-alpha20] AndroidManifest.xml:33:13-37
204    </application>
205
206</manifest>